0 info it worked if it ends with ok
1 verbose cli [ 'D:\\Program Files\\nodejs\\node.exe',
1 verbose cli   'D:\\Program Files\\nodejs\\node_modules\\npm\\bin\\npm-cli.js',
1 verbose cli   'run',
1 verbose cli   'lite' ]
2 info using npm@3.7.3
3 info using node@v5.9.1
4 verbose run-script [ 'prelite', 'lite', 'postlite' ]
5 info lifecycle MiausicBox@1.0.0~prelite: MiausicBox@1.0.0
6 silly lifecycle MiausicBox@1.0.0~prelite: no script for prelite, continuing
7 info lifecycle MiausicBox@1.0.0~lite: MiausicBox@1.0.0
8 verbose lifecycle MiausicBox@1.0.0~lite: unsafe-perm in lifecycle true
9 verbose lifecycle MiausicBox@1.0.0~lite: PATH: D:\Program Files\nodejs\node_modules\npm\bin\node-gyp-bin;D:\Universidad\3ยบ\Segundo Cuatrimestre\DAW\MiausicBox TS\node_modules\.bin;D:\Program Files\nodejs;D:\Program Files\nodejs\node_modules\npm\bin\node-gyp-bin;D:\Universidad\3ยบ\Segundo Cuatrimestre\DAW\MiausicBox TS\node_modules\.bin;D:\Program Files\nodejs;C:\Users\Carlos\bin;D:\Program Files\Git\mingw64\bin;D:\Program Files\Git\usr\local\bin;D:\Program Files\Git\usr\bin;D:\Program Files\Git\usr\bin;D:\Program Files\Git\mingw64\bin;D:\Program Files\Git\usr\bin;C:\ProgramData\Oracle\Java\javapath;C:\Program Files (x86)\Intel\TXE Components\TCS;C:\Program Files\Intel\TXE Components\TCS;C:\WINDOWS\system32;C:\WINDOWS;C:\WINDOWS\System32\Wbem;C:\WINDOWS\System32\WindowsPowerShell\v1.0;C:\Program Files (x86)\Windows Live\Shared;C:\Program Files\Intel\WiFi\bin;C:\Program Files\Common Files\Intel\WirelessCommon;C:\Program Files (x86)\QuickTime\QTSystem;C:\Program Files (x86)\Quest Software\vWorkspace Client\pntsc.exe;D:\Program Files (x86)\Brackets\command;D:\Program Files\Git\usr\bin;D:\Program Files\Eclipse Che\eclipse-che-4.0.0-RC3\tools\jre\bin;C:\Program Files (x86)\GtkSharp\2.12\bin;C:\Program Files (x86)\Skype\Phone;D:\Program Files\nodejs;C:\Program Files\Docker Toolbox;C:\ProgramData\chocolatey\bin;C:\Users\Carlos\AppData\Local\atom\bin;C:\Users\Carlos\AppData\Roaming\npm;D:\Program Files\Git\usr\bin\vendor_perl;D:\Program Files\Git\usr\bin\core_perl
10 verbose lifecycle MiausicBox@1.0.0~lite: CWD: D:\Universidad\3ยบ\Segundo Cuatrimestre\DAW\MiausicBox TS
11 silly lifecycle MiausicBox@1.0.0~lite: Args: [ '/d /s /c', 'lite-server' ]
12 silly lifecycle MiausicBox@1.0.0~lite: Returned: code: 1  signal: null
13 info lifecycle MiausicBox@1.0.0~lite: Failed to exec lite script
14 verbose stack Error: MiausicBox@1.0.0 lite: `lite-server`
14 verbose stack Exit status 1
14 verbose stack     at EventEmitter.<anonymous> (D:\Program Files\nodejs\node_modules\npm\lib\utils\lifecycle.js:239:16)
14 verbose stack     at emitTwo (events.js:100:13)
14 verbose stack     at EventEmitter.emit (events.js:185:7)
14 verbose stack     at ChildProcess.<anonymous> (D:\Program Files\nodejs\node_modules\npm\lib\utils\spawn.js:24:14)
14 verbose stack     at emitTwo (events.js:100:13)
14 verbose stack     at ChildProcess.emit (events.js:185:7)
14 verbose stack     at maybeClose (internal/child_process.js:850:16)
14 verbose stack     at Process.ChildProcess._handle.onexit (internal/child_process.js:215:5)
15 verbose pkgid MiausicBox@1.0.0
16 verbose cwd D:\Universidad\3ยบ\Segundo Cuatrimestre\DAW\MiausicBox TS
17 error Windows_NT 10.0.10240
18 error argv "D:\\Program Files\\nodejs\\node.exe" "D:\\Program Files\\nodejs\\node_modules\\npm\\bin\\npm-cli.js" "run" "lite"
19 error node v5.9.1
20 error npm  v3.7.3
21 error code ELIFECYCLE
22 error MiausicBox@1.0.0 lite: `lite-server`
22 error Exit status 1
23 error Failed at the MiausicBox@1.0.0 lite script 'lite-server'.
23 error Make sure you have the latest version of node.js and npm installed.
23 error If you do, this is most likely a problem with the MiausicBox package,
23 error not with npm itself.
23 error Tell the author that this fails on your system:
23 error     lite-server
23 error You can get information on how to open an issue for this project with:
23 error     npm bugs MiausicBox
23 error Or if that isn't available, you can get their info via:
23 error     npm owner ls MiausicBox
23 error There is likely additional logging output above.
24 verbose exit [ 1, true ]
